#
# There is insufficient memory for the Java Runtime Environment to continue.
# Native memory allocation (malloc) failed to allocate 772336 bytes for Chunk::new
# Possible reasons:
#   The system is out of physical RAM or swap space
#   In 32 bit mode, the process size limit was hit
# Possible solutions:
#   Reduce memory load on the system
#   Increase physical memory or swap space
#   Check if swap backing store is full
#   Use 64 bit Java on a 64 bit OS
#   Decrease Java heap size (-Xmx/-Xms)
#   Decrease number of Java threads
#   Decrease Java thread stack sizes (-Xss)
#   Set larger code cache with -XX:ReservedCodeCacheSize=
# This output file may be truncated or incomplete.
#
#  Out of Memory Error (allocation.cpp:390), pid=6496, tid=0x0000000000001a5c
#
# JRE version: OpenJDK Runtime Environment (8.0_152-b01) (build 1.8.0_152-release-915-b01)
# Java VM: OpenJDK 64-Bit Server VM (25.152-b01 mixed mode windows-amd64 compressed oops)
# Failed to write core dump. Minidumps are not enabled by default on client versions of Windows
#

---------------  T H R E A D  ---------------

Current thread (0x000000001d5cb800):  JavaThread "C2 CompilerThread1" daemon [_thread_in_native, id=6748, stack(0x000000001df20000,0x000000001e020000)]

Stack: [0x000000001df20000,0x000000001e020000]
[error occurred during error reporting (printing stack bounds), id 0xc0000005]

Native frames: (J=compiled Java code, j=interpreted, Vv=VM code, C=native code)


Current CompileTask:
C2:  15034 1610       4       com.android.dx.ssa.SsaConverter::placePhiFunctions (394 bytes)


---------------  P R O C E S S  ---------------

Java Threads: ( => current thread )
  0x000000001d731000 JavaThread "pool-3-thread-1" [_thread_blocked, id=6692, stack(0x000000001e570000,0x000000001e670000)]
  0x000000001d72f000 JavaThread "pool-2-thread-1" [_thread_in_vm, id=4964, stack(0x000000001e060000,0x000000001e160000)]
  0x000000001d608800 JavaThread "Service Thread" daemon [_thread_blocked, id=3760, stack(0x000000001e330000,0x000000001e430000)]
  0x000000001c2df000 JavaThread "C1 CompilerThread2" daemon [_thread_blocked, id=6352, stack(0x000000001e1b0000,0x000000001e2b0000)]
=>0x000000001d5cb800 JavaThread "C2 CompilerThread1" daemon [_thread_in_native, id=6748, stack(0x000000001df20000,0x000000001e020000)]
  0x000000001d5c6800 JavaThread "C2 CompilerThread0" daemon [_thread_in_native, id=5656, stack(0x000000001dd50000,0x000000001de50000)]
  0x000000001d5c0800 JavaThread "Attach Listener" daemon [_thread_blocked, id=3132, stack(0x000000001db40000,0x000000001dc40000)]
  0x000000001c2d5800 JavaThread "Signal Dispatcher" daemon [_thread_blocked, id=6548, stack(0x000000001da40000,0x000000001db40000)]
  0x000000001c2bb800 JavaThread "Finalizer" daemon [_thread_blocked, id=6964, stack(0x000000001d4c0000,0x000000001d5c0000)]
  0x000000001c274800 JavaThread "Reference Handler" daemon [_thread_blocked, id=3836, stack(0x000000001d290000,0x000000001d390000)]
  0x000000000217f000 JavaThread "main" [_thread_blocked, id=5748, stack(0x0000000002540000,0x0000000002640000)]

Other Threads:
  0x000000001c26d000 VMThread [stack: 0x000000001d150000,0x000000001d250000] [id=4488]
  0x000000001d609800 WatcherThread [stack: 0x000000001e430000,0x000000001e530000] [id=5572]

VM state:not at safepoint (normal execution)

VM Mutex/Monitor currently owned by a thread: None

Heap:
 PSYoungGen      total 18944K, used 7465K [0x000000076ab00000, 0x000000076c000000, 0x00000007c0000000)
  eden space 16384K, 30% used [0x000000076ab00000,0x000000076afd10b8,0x000000076bb00000)
  from space 2560K, 98% used [0x000000076bd80000,0x000000076bff9648,0x000000076c000000)
  to   space 2560K, 0% used [0x000000076bb00000,0x000000076bb00000,0x000000076bd80000)
 ParOldGen       total 44032K, used 10537K [0x00000006c0000000, 0x00000006c2b00000, 0x000000076ab00000)
  object space 44032K, 23% used [0x00000006c0000000,0x00000006c0a4a610,0x00000006c2b00000)
 Metaspace       used 5952K, capacity 6960K, committed 7040K, reserved 1056768K
  class space    used 574K, capacity 616K, committed 640K, reserved 1048576K

Card table byte_map: [0x0000000011cd0000,0x00000000124e0000] byte_map_base: 0x000000000e6d0000

Marking Bits: (ParMarkBitMap*) 0x000000005d8e3950
 Begin Bits: [0x00000000130e0000, 0x00000000170e0000)
 End Bits:   [0x00000000170e0000, 0x000000001b0e0000)

Polling page: 0x0000000000240000

CodeCache: size=245760Kb used=7514Kb max_used=7536Kb free=238245Kb
 bounds [0x0000000002910000, 0x0000000003080000, 0x0000000011910000]
 total_blobs=1866 nmethods=1605 adapters=175
 compilation: enabled

Compilation events (10 events):
Event: 14.808 Thread 0x000000001c2df000 nmethod 1605 0x000000000303fd90 code [0x000000000303ff40, 0x0000000003040618]
Event: 14.809 Thread 0x000000001c2df000 1606       3       com.android.dx.ssa.SsaConverter::edgeSplitMoveExceptionsAndResults (157 bytes)
Event: 14.809 Thread 0x000000001d5cb800 1607       4       com.android.dx.ssa.SsaBasicBlock::isExitBlock (20 bytes)
Event: 14.810 Thread 0x000000001d5cb800 nmethod 1607 0x0000000002fb8910 code [0x0000000002fb8a40, 0x0000000002fb8ad8]
Event: 14.811 Thread 0x000000001c2df000 nmethod 1606 0x0000000003065990 code [0x0000000003065d00, 0x0000000003067988]
Event: 14.816 Thread 0x000000001c2df000 1608       3       com.android.dx.ssa.DomFront::calcDomFronts (154 bytes)
Event: 14.817 Thread 0x000000001c2df000 nmethod 1608 0x000000000302d4d0 code [0x000000000302d740, 0x000000000302e508]
Event: 14.817 Thread 0x000000001d5cb800 1609 %     4       com.android.dx.ssa.SsaConverter::placePhiFunctions @ 264 (394 bytes)
Event: 14.921 Thread 0x000000001d5cb800 nmethod 1609% 0x000000000306e310 code [0x000000000306e620, 0x0000000003070f00]
Event: 14.921 Thread 0x000000001d5cb800 1610       4       com.android.dx.ssa.SsaConverter::placePhiFunctions (394 bytes)

GC Heap History (8 events):
Event: 10.199 GC heap before
{Heap before GC invocations=1 (full 0):
 PSYoungGen      total 18944K, used 16384K [0x000000076ab00000, 0x000000076c000000, 0x00000007c0000000)
  eden space 16384K, 100% used [0x000000076ab00000,0x000000076bb00000,0x000000076bb00000)
  from space 2560K, 0% used [0x000000076bd80000,0x000000076bd80000,0x000000076c000000)
  to   space 2560K, 0% used [0x000000076bb00000,0x000000076bb00000,0x000000076bd80000)
 ParOldGen       total 44032K, used 0K [0x00000006c0000000, 0x00000006c2b00000, 0x000000076ab00000)
  object space 44032K, 0% used [0x00000006c0000000,0x00000006c0000000,0x00000006c2b00000)
 Metaspace       used 5733K, capacity 6832K, committed 7040K, reserved 1056768K
  class space    used 568K, capacity 616K, committed 640K, reserved 1048576K
Event: 10.214 GC heap after
Heap after GC invocations=1 (full 0):
 PSYoungGen      total 18944K, used 2544K [0x000000076ab00000, 0x000000076c000000, 0x00000007c0000000)
  eden space 16384K, 0% used [0x000000076ab00000,0x000000076ab00000,0x000000076bb00000)
  from space 2560K, 99% used [0x000000076bb00000,0x000000076bd7c048,0x000000076bd80000)
  to   space 2560K, 0% used [0x000000076bd80000,0x000000076bd80000,0x000000076c000000)
 ParOldGen       total 44032K, used 1813K [0x00000006c0000000, 0x00000006c2b00000, 0x000000076ab00000)
  object space 44032K, 4% used [0x00000006c0000000,0x00000006c01c55c8,0x00000006c2b00000)
 Metaspace       used 5733K, capacity 6832K, committed 7040K, reserved 1056768K
  class space    used 568K, capacity 616K, committed 640K, reserved 1048576K
}
Event: 12.359 GC heap before
{Heap before GC invocations=2 (full 0):
 PSYoungGen      total 18944K, used 18928K [0x000000076ab00000, 0x000000076c000000, 0x00000007c0000000)
  eden space 16384K, 100% used [0x000000076ab00000,0x000000076bb00000,0x000000076bb00000)
  from space 2560K, 99% used [0x000000076bb00000,0x000000076bd7c048,0x000000076bd80000)
  to   space 2560K, 0% used [0x000000076bd80000,0x000000076bd80000,0x000000076c000000)
 ParOldGen       total 44032K, used 1813K [0x00000006c0000000, 0x00000006c2b00000, 0x000000076ab00000)
  object space 44032K, 4% used [0x00000006c0000000,0x00000006c01c55c8,0x00000006c2b00000)
 Metaspace       used 5818K, capacity 6896K, committed 7040K, reserved 1056768K
  class space    used 568K, capacity 616K, committed 640K, reserved 1048576K
Event: 12.369 GC heap after
Heap after GC invocations=2 (full 0):
 PSYoungGen      total 18944K, used 2542K [0x000000076ab00000, 0x000000076c000000, 0x00000007c0000000)
  eden space 16384K, 0% used [0x000000076ab00000,0x000000076ab00000,0x000000076bb00000)
  from space 2560K, 99% used [0x000000076bd80000,0x000000076bffbb80,0x000000076c000000)
  to   space 2560K, 0% used [0x000000076bb00000,0x000000076bb00000,0x000000076bd80000)
 ParOldGen       total 44032K, used 4958K [0x00000006c0000000, 0x00000006c2b00000, 0x000000076ab00000)
  object space 44032K, 11% used [0x00000006c0000000,0x00000006c04d7bb8,0x00000006c2b00000)
 Metaspace       used 5818K, capacity 6896K, committed 7040K, reserved 1056768K
  class space    used 568K, capacity 616K, committed 640K, reserved 1048576K
}
Event: 13.840 GC heap before
{Heap before GC invocations=3 (full 0):
 PSYoungGen      total 18944K, used 18926K [0x000000076ab00000, 0x000000076c000000, 0x00000007c0000000)
  eden space 16384K, 100% used [0x000000076ab00000,0x000000076bb00000,0x000000076bb00000)
  from space 2560K, 99% used [0x000000076bd80000,0x000000076bffbb80,0x000000076c000000)
  to   space 2560K, 0% used [0x000000076bb00000,0x000000076bb00000,0x000000076bd80000)
 ParOldGen       total 44032K, used 4958K [0x00000006c0000000, 0x00000006c2b00000, 0x000000076ab00000)
  object space 44032K, 11% used [0x00000006c0000000,0x00000006c04d7bb8,0x00000006c2b00000)
 Metaspace       used 5912K, capacity 6960K, committed 7040K, reserved 1056768K
  class space    used 569K, capacity 616K, committed 640K, reserved 1048576K
Event: 13.892 GC heap after
Heap after GC invocations=3 (full 0):
 PSYoungGen      total 18944K, used 2541K [0x000000076ab00000, 0x000000076c000000, 0x00000007c0000000)
  eden space 16384K, 0% used [0x000000076ab00000,0x000000076ab00000,0x000000076bb00000)
  from space 2560K, 99% used [0x000000076bb00000,0x000000076bd7b6a8,0x000000076bd80000)
  to   space 2560K, 0% used [0x000000076bd80000,0x000000076bd80000,0x000000076c000000)
 ParOldGen       total 44032K, used 8074K [0x00000006c0000000, 0x00000006c2b00000, 0x000000076ab00000)
  object space 44032K, 18% used [0x00000006c0000000,0x00000006c07e28b8,0x00000006c2b00000)
 Metaspace       used 5912K, capacity 6960K, committed 7040K, reserved 1056768K
  class space    used 569K, capacity 616K, committed 640K, reserved 1048576K
}
Event: 14.627 GC heap before
{Heap before GC invocations=4 (full 0):
 PSYoungGen      total 18944K, used 18923K [0x000000076ab00000, 0x000000076c000000, 0x00000007c0000000)
  eden space 16384K, 99% used [0x000000076ab00000,0x000000076baff648,0x000000076bb00000)
  from space 2560K, 99% used [0x000000076bb00000,0x000000076bd7b6a8,0x000000076bd80000)
  to   space 2560K, 0% used [0x000000076bd80000,0x000000076bd80000,0x000000076c000000)
 ParOldGen       total 44032K, used 8074K [0x00000006c0000000, 0x00000006c2b00000, 0x000000076ab00000)
  object space 44032K, 18% used [0x00000006c0000000,0x00000006c07e28b8,0x00000006c2b00000)
 Metaspace       used 5952K, capacity 6960K, committed 7040K, reserved 1056768K
  class space    used 574K, capacity 616K, committed 640K, reserved 1048576K
Event: 14.658 GC heap after
Heap after GC invocations=4 (full 0):
 PSYoungGen      total 18944K, used 2533K [0x000000076ab00000, 0x000000076c000000, 0x00000007c0000000)
  eden space 16384K, 0% used [0x000000076ab00000,0x000000076ab00000,0x000000076bb00000)
  from space 2560K, 98% used [0x000000076bd80000,0x000000076bff9648,0x000000076c000000)
  to   space 2560K, 0% used [0x000000076bb00000,0x000000076bb00000,0x000000076bd80000)
 ParOldGen       total 44032K, used 10537K [0x00000006c0000000, 0x00000006c2b00000, 0x000000076ab00000)
  object space 44032K, 23% used [0x00000006c0000000,0x00000006c0a4a610,0x00000006c2b00000)
 Metaspace       used 5952K, capacity 6960K, committed 7040K, reserved 1056768K
  class space    used 574K, capacity 616K, committed 640K, reserved 1048576K
}

Deoptimization events (10 events):
Event: 14.330 Thread 0x000000001d72f000 Uncommon trap: reason=class_check action=maybe_recompile pc=0x0000000002e37b74 method=com.android.dx.cf.code.BaseMachine.getLocalTarget(Z)Lcom/android/dx/rop/code/RegisterSpec; @ 70
Event: 14.358 Thread 0x000000001d72f000 Uncommon trap: reason=null_check action=make_not_entrant pc=0x0000000002bb4900 method=com.android.dx.rop.type.Type.equals(Ljava/lang/Object;)Z @ 8
Event: 14.360 Thread 0x000000001d72f000 Uncommon trap: reason=unstable_if action=reinterpret pc=0x0000000002f58bf4 method=com.android.dx.rop.code.RegisterSpec.equals(ILcom/android/dx/rop/type/TypeBearer;Lcom/android/dx/rop/code/LocalItem;)Z @ 16
Event: 14.360 Thread 0x000000001d72f000 Uncommon trap: reason=unstable_if action=reinterpret pc=0x0000000002defc4c method=java.util.BitSet.clone()Ljava/lang/Object; @ 4
Event: 14.553 Thread 0x000000001d72f000 Uncommon trap: reason=unstable_if action=reinterpret pc=0x0000000002e822b0 method=java.util.BitSet.clone()Ljava/lang/Object; @ 4
Event: 14.659 Thread 0x000000001d72f000 Uncommon trap: reason=unstable_if action=reinterpret pc=0x0000000002e9eef0 method=com.android.dx.dex.code.RopToDop.dopFor(Lcom/android/dx/rop/code/Insn;)Lcom/android/dx/dex/code/Dop; @ 755
Event: 14.663 Thread 0x000000001d72f000 Uncommon trap: reason=unstable_if action=reinterpret pc=0x000000000301eb60 method=com.android.dx.cf.code.RopperMachine.run(Lcom/android/dx/cf/code/Frame;II)V @ 1019
Event: 14.664 Thread 0x000000001d72f000 Uncommon trap: reason=unstable_if action=reinterpret pc=0x0000000002fcaed0 method=com.android.dx.ssa.SCCP.simulateStmt(Lcom/android/dx/ssa/SsaInsn;)V @ 469
Event: 14.664 Thread 0x000000001d72f000 Uncommon trap: reason=bimorphic action=maybe_recompile pc=0x0000000002d49aa0 method=java.util.HashMap.putVal(ILjava/lang/Object;Ljava/lang/Object;ZZ)Ljava/lang/Object; @ 91
Event: 14.664 Thread 0x000000001d72f000 Uncommon trap: reason=unstable_if action=reinterpret pc=0x0000000002ea160c method=com.android.dx.ssa.back.FirstFitLocalCombiningAllocator.getAlignment(I)Lcom/android/dx/ssa/back/FirstFitLocalCombiningAllocator$Alignment; @ 16

Classes redefined (0 events):
No events

Internal exceptions (3 events):
Event: 0.967 Thread 0x000000000217f000 Exception <a 'java/lang/NoSuchMethodError': Method sun.misc.Unsafe.defineClass(Ljava/lang/String;[BII)Ljava/lang/Class; name or signature does not match> (0x000000076ab07ca8) thrown at [D:\src\AOSP-openjdk-cygwin\jdk8u\hotspot\src\share\vm\prims\jni.cpp, 
Event: 0.967 Thread 0x000000000217f000 Exception <a 'java/lang/NoSuchMethodError': Method sun.misc.Unsafe.prefetchRead(Ljava/lang/Object;J)V name or signature does not match> (0x000000076ab07f90) thrown at [D:\src\AOSP-openjdk-cygwin\jdk8u\hotspot\src\share\vm\prims\jni.cpp, line 4011]
Event: 14.358 Thread 0x000000001d72f000 Implicit null exception at 0x0000000002bb47e2 to 0x0000000002bb48f1

Events (10 events):
Event: 14.793 Thread 0x000000001d72f000 DEOPT PACKING pc=0x0000000002fc9992 sp=0x000000001e15e310
Event: 14.793 Thread 0x000000001d72f000 DEOPT UNPACKING pc=0x00000000029575bf sp=0x000000001e15e078 mode 0
Event: 14.794 Thread 0x000000001d72f000 DEOPT PACKING pc=0x0000000002fc9992 sp=0x000000001e15e310
Event: 14.794 Thread 0x000000001d72f000 DEOPT UNPACKING pc=0x00000000029575bf sp=0x000000001e15e078 mode 0
Event: 14.808 Thread 0x000000001d72f000 DEOPT PACKING pc=0x0000000002d6777d sp=0x000000001e15e560
Event: 14.808 Thread 0x000000001d72f000 DEOPT UNPACKING pc=0x00000000029575bf sp=0x000000001e15e240 mode 0
Event: 14.809 Thread 0x000000001d72f000 DEOPT PACKING pc=0x0000000002e6f615 sp=0x000000001e15e600
Event: 14.809 Thread 0x000000001d72f000 DEOPT UNPACKING pc=0x00000000029575bf sp=0x000000001e15e340 mode 0
Event: 14.816 Thread 0x000000001d72f000 DEOPT PACKING pc=0x0000000002e642e4 sp=0x000000001e15e3e0
Event: 14.816 Thread 0x000000001d72f000 DEOPT UNPACKING pc=0x00000000029575bf sp=0x000000001e15e0f0 mode 0


Dynamic libraries:
0x000000013fe50000 - 0x000000013fe81000 	C:\Program Files\Android\Android Studio\jre\bin\java.exe
0x00000000777f0000 - 0x0000000077999000 	C:\Windows\SYSTEM32\ntdll.dll
0x00000000775d0000 - 0x00000000776ef000 	C:\Windows\system32\kernel32.dll
0x000007fefd7e0000 - 0x000007fefd84b000 	C:\Windows\system32\KERNELBASE.dll
0x000007feff380000 - 0x000007feff45b000 	C:\Windows\system32\ADVAPI32.dll
0x000007fefda40000 - 0x000007fefdadf000 	C:\Windows\system32\msvcrt.dll
0x000007feff2a0000 - 0x000007feff2bf000 	C:\Windows\SYSTEM32\sechost.dll
0x000007fefec20000 - 0x000007fefed4d000 	C:\Windows\system32\RPCRT4.dll
0x00000000776f0000 - 0x00000000777ea000 	C:\Windows\system32\USER32.dll
0x000007feff5f0000 - 0x000007feff657000 	C:\Windows\system32\GDI32.dll
0x000007fefe980000 - 0x000007fefe98e000 	C:\Windows\system32\LPK.dll
0x000007feffa30000 - 0x000007feffaf9000 	C:\Windows\system32\USP10.dll
0x000007fefba50000 - 0x000007fefbc44000 	C:\Windows\WinSxS\amd64_microsoft.windows.common-controls_6595b64144ccf1df_6.0.7601.17514_none_fa396087175ac9ac\COMCTL32.dll
0x000007feff660000 - 0x000007feff6d1000 	C:\Windows\system32\SHLWAPI.dll
0x000007feff9b0000 - 0x000007feff9de000 	C:\Windows\system32\IMM32.DLL
0x000007fefed50000 - 0x000007fefee59000 	C:\Windows\system32\MSCTF.dll
0x000000005c490000 - 0x000000005c562000 	C:\Program Files\Android\Android Studio\jre\jre\bin\msvcr100.dll
0x000000005d120000 - 0x000000005d95e000 	C:\Program Files\Android\Android Studio\jre\jre\bin\server\jvm.dll
0x000007fefac30000 - 0x000007fefac39000 	C:\Windows\system32\WSOCK32.dll
0x000007feff9e0000 - 0x000007feffa2d000 	C:\Windows\system32\WS2_32.dll
0x000007fefe910000 - 0x000007fefe918000 	C:\Windows\system32\NSI.dll
0x000007fefb140000 - 0x000007fefb17b000 	C:\Windows\system32\WINMM.dll
0x000007fefc690000 - 0x000007fefc69c000 	C:\Windows\system32\VERSION.dll
0x00000000779c0000 - 0x00000000779c7000 	C:\Windows\system32\PSAPI.DLL
0x000007fef11a0000 - 0x000007fef11af000 	C:\Program Files\Android\Android Studio\jre\jre\bin\verify.dll
0x000007feede60000 - 0x000007feede89000 	C:\Program Files\Android\Android Studio\jre\jre\bin\java.dll
0x000007fef0790000 - 0x000007fef07a6000 	C:\Program Files\Android\Android Studio\jre\jre\bin\zip.dll
0x000007fefdae0000 - 0x000007fefe868000 	C:\Windows\system32\SHELL32.dll
0x000007fefea10000 - 0x000007fefec13000 	C:\Windows\system32\ole32.dll
0x000007fefd5a0000 - 0x000007fefd5af000 	C:\Windows\system32\profapi.dll

VM Arguments:
jvm_args: -Djava.awt.headless=true -Xmx4g -Dfile.encoding=windows-1252 -Duser.country=US -Duser.language=en -Duser.variant 
java_command: com.android.dx.command.Main --dex --force-jumbo --num-threads=4 --multi-dex --output E:\Ajay Android Projects\Ajay-Copy\app\build\intermediates\transforms\dex\debug\folders\1000\5\slice_9 E:\Ajay Android Projects\Ajay-Copy\app\build\intermediates\transforms\instantRunSlicer\debug\folders\1\5\slice_9
java_class_path (initial): C:\Users\ADMIN\AppData\Local\Android\sdk\build-tools\26.0.1\lib\dx.jar
Launcher Type: SUN_STANDARD

Environment Variables:
PATH=C:\ProgramData\Oracle\Java\javapath;C:\Program Files (x86)\Business Objects\Common\3.5\bin\NOTES\;C:\Program Files (x86)\Business Objects\Common\3.5\bin\NOTES\DATA\;C:\Windows\system32;C:\Windows;C:\Windows\System32\Wbem;C:\Windows\System32\WindowsPowerShell\v1.0\;C:\Program Files (x86)\Windows Kits\8.1\Windows Performance Toolkit\;C:\Program Files\Microsoft SQL Server\110\Tools\Binn\;C:\Program Files (x86)\Microsoft SQL Server\100\Tools\Binn\;C:\Program Files (x86)\Microsoft SQL Server\100\DTS\Binn\;C:\Program Files (x86)\Microsoft SQL Server\100\Tools\Binn\VSShell\Common7\IDE\;C:\Program Files\Microsoft SQL Server\130\Tools\Binn\;C:\Program Files\TortoiseSVN\bin;C:\Windows\system32\config\systemprofile\.dnx\bin;C:\Program Files\Microsoft DNX\Dnvm\;C:\Program Files (x86)\Skype\Phone\;C:\Program Files\Git\cmd;C:\Program Files\PuTTY\;C:\Program Files\SourceGear\Common\DiffMerge\;C:\Program Files (x86)\Microsoft Visual Studio 12.0\Common7
USERNAME=ADMIN
OS=Windows_NT
PROCESSOR_IDENTIFIER=Intel64 Family 6 Model 60 Stepping 3, GenuineIntel



---------------  S Y S T E M  ---------------

OS: Windows 7 , 64 bit Build 7601 (6.1.7601.18015)

CPU:total 4 (initial active 4) (2 cores per cpu, 2 threads per core) family 6 model 60 stepping 3, cmov, cx8, fxsr, mmx, sse, sse2, sse3, ssse3, sse4.1, sse4.2, popcnt, avx, avx2, aes, clmul, erms, lzcnt, ht, tsc, tscinvbit, bmi1, bmi2

Memory: 4k page, physical 4063360k(86836k free), swap 16251576k(8916k free)

vm_info: OpenJDK 64-Bit Server VM (25.152-b01) for windows-amd64 JRE (1.8.0_152-release-915-b01), built by "builder" with MS VC++ 10.0 (VS2010)

time: Wed Nov 22 00:48:03 2017
elapsed time: 15 seconds (0d 0h 0m 15s)

