#
# There is insufficient memory for the Java Runtime Environment to continue.
# Native memory allocation (malloc) failed to allocate 466816 bytes for Chunk::new
# Possible reasons:
#   The system is out of physical RAM or swap space
#   In 32 bit mode, the process size limit was hit
# Possible solutions:
#   Reduce memory load on the system
#   Increase physical memory or swap space
#   Check if swap backing store is full
#   Use 64 bit Java on a 64 bit OS
#   Decrease Java heap size (-Xmx/-Xms)
#   Decrease number of Java threads
#   Decrease Java thread stack sizes (-Xss)
#   Set larger code cache with -XX:ReservedCodeCacheSize=
# This output file may be truncated or incomplete.
#
#  Out of Memory Error (allocation.cpp:390), pid=4412, tid=0x00000000000014e8
#
# JRE version: OpenJDK Runtime Environment (8.0_152-b01) (build 1.8.0_152-release-915-b01)
# Java VM: OpenJDK 64-Bit Server VM (25.152-b01 mixed mode windows-amd64 compressed oops)
# Failed to write core dump. Minidumps are not enabled by default on client versions of Windows
#

---------------  T H R E A D  ---------------

Current thread (0x000000001c037800):  JavaThread "C2 CompilerThread0" daemon [_thread_in_native, id=5352, stack(0x000000001d860000,0x000000001d960000)]

Stack: [0x000000001d860000,0x000000001d960000]
[error occurred during error reporting (printing stack bounds), id 0xc0000005]

Native frames: (J=compiled Java code, j=interpreted, Vv=VM code, C=native code)


Current CompileTask:
C2:   1935 1035   !   4       com.android.dx.cf.code.BytecodeArray::parseInstruction (2764 bytes)


---------------  P R O C E S S  ---------------

Java Threads: ( => current thread )
  0x000000001dbba000 JavaThread "pool-2-thread-4" [_thread_blocked, id=5848, stack(0x000000001e840000,0x000000001e940000)]
  0x000000001dbb6800 JavaThread "pool-2-thread-3" [_thread_blocked, id=6884, stack(0x000000001e710000,0x000000001e810000)]
  0x000000001dbb5800 JavaThread "pool-2-thread-2" [_thread_blocked, id=6736, stack(0x000000001dd90000,0x000000001de90000)]
  0x000000001dacb000 JavaThread "pool-3-thread-1" [_thread_blocked, id=5004, stack(0x000000001e590000,0x000000001e690000)]
  0x000000001daca000 JavaThread "pool-2-thread-1" [_thread_blocked, id=6404, stack(0x000000001e400000,0x000000001e500000)]
  0x000000001d9bb800 JavaThread "Service Thread" daemon [_thread_blocked, id=3356, stack(0x000000001e200000,0x000000001e300000)]
  0x000000001d9ba800 JavaThread "C1 CompilerThread2" daemon [_thread_blocked, id=5704, stack(0x000000001e040000,0x000000001e140000)]
  0x000000001d9b9800 JavaThread "C2 CompilerThread1" daemon [_thread_blocked, id=6460, stack(0x000000001ded0000,0x000000001dfd0000)]
=>0x000000001c037800 JavaThread "C2 CompilerThread0" daemon [_thread_in_native, id=5352, stack(0x000000001d860000,0x000000001d960000)]
  0x000000001c034800 JavaThread "Attach Listener" daemon [_thread_blocked, id=5932, stack(0x000000001d3a0000,0x000000001d4a0000)]
  0x000000001c032800 JavaThread "Signal Dispatcher" daemon [_thread_blocked, id=3772, stack(0x000000001d610000,0x000000001d710000)]
  0x000000001c012800 JavaThread "Finalizer" daemon [_thread_blocked, id=6160, stack(0x000000001d4f0000,0x000000001d5f0000)]
  0x000000001bfd1800 JavaThread "Reference Handler" daemon [_thread_blocked, id=3304, stack(0x000000001d0c0000,0x000000001d1c0000)]
  0x000000000229f000 JavaThread "main" [_thread_blocked, id=6752, stack(0x00000000023e0000,0x00000000024e0000)]

Other Threads:
  0x000000001bfc9800 VMThread [stack: 0x000000001d210000,0x000000001d310000] [id=5276]
  0x000000001d9bc800 WatcherThread [stack: 0x000000001e300000,0x000000001e400000] [id=4800]

VM state:not at safepoint (normal execution)

VM Mutex/Monitor currently owned by a thread: None

Heap:
 PSYoungGen      total 18944K, used 12184K [0x000000076ab00000, 0x000000076c000000, 0x00000007c0000000)
  eden space 16384K, 58% used [0x000000076ab00000,0x000000076b46e1b0,0x000000076bb00000)
  from space 2560K, 98% used [0x000000076bb00000,0x000000076bd78058,0x000000076bd80000)
  to   space 2560K, 0% used [0x000000076bd80000,0x000000076bd80000,0x000000076c000000)
 ParOldGen       total 44032K, used 1593K [0x00000006c0000000, 0x00000006c2b00000, 0x000000076ab00000)
  object space 44032K, 3% used [0x00000006c0000000,0x00000006c018e4e8,0x00000006c2b00000)
 Metaspace       used 5808K, capacity 6896K, committed 7040K, reserved 1056768K
  class space    used 570K, capacity 616K, committed 640K, reserved 1048576K

Card table byte_map: [0x0000000011b70000,0x0000000012380000] byte_map_base: 0x000000000e570000

Marking Bits: (ParMarkBitMap*) 0x000000005d8e3950
 Begin Bits: [0x0000000012e40000, 0x0000000016e40000)
 End Bits:   [0x0000000016e40000, 0x000000001ae40000)

Polling page: 0x0000000000240000

CodeCache: size=245760Kb used=4306Kb max_used=4306Kb free=241453Kb
 bounds [0x00000000027b0000, 0x0000000002bf0000, 0x00000000117b0000]
 total_blobs=1361 nmethods=1097 adapters=178
 compilation: enabled

Compilation events (10 events):
Event: 1.872 Thread 0x000000001d9ba800 1058       3       com.android.dx.rop.type.Type::isUninitialized (13 bytes)
Event: 1.872 Thread 0x000000001d9ba800 nmethod 1058 0x0000000002bd0090 code [0x0000000002bd01e0, 0x0000000002bd0390]
Event: 1.872 Thread 0x000000001d9ba800 1046       3       com.android.dx.ssa.SsaMethod$2::visitPhiInsn (6 bytes)
Event: 1.872 Thread 0x000000001d9ba800 nmethod 1046 0x0000000002bcac10 code [0x0000000002bcad80, 0x0000000002bcaf08]
Event: 1.872 Thread 0x000000001d9ba800 1047       3       com.android.dx.ssa.SsaMethod$1::visitPhiInsn (17 bytes)
Event: 1.872 Thread 0x000000001d9ba800 nmethod 1047 0x0000000002bd1910 code [0x0000000002bd1a80, 0x0000000002bd1e90]
Event: 1.872 Thread 0x000000001d9ba800 1042       1       java.io.File::getPath (5 bytes)
Event: 1.872 Thread 0x000000001d9ba800 nmethod 1042 0x0000000002bca950 code [0x0000000002bcaaa0, 0x0000000002bcabb0]
Event: 1.872 Thread 0x000000001d9ba800 1043       1       com.android.dx.rop.annotation.NameValuePair::getName (5 bytes)
Event: 1.872 Thread 0x000000001d9ba800 nmethod 1043 0x0000000002bd2050 code [0x0000000002bd21a0, 0x0000000002bd22b0]

GC Heap History (2 events):
Event: 1.279 GC heap before
{Heap before GC invocations=1 (full 0):
 PSYoungGen      total 18944K, used 16384K [0x000000076ab00000, 0x000000076c000000, 0x00000007c0000000)
  eden space 16384K, 100% used [0x000000076ab00000,0x000000076bb00000,0x000000076bb00000)
  from space 2560K, 0% used [0x000000076bd80000,0x000000076bd80000,0x000000076c000000)
  to   space 2560K, 0% used [0x000000076bb00000,0x000000076bb00000,0x000000076bd80000)
 ParOldGen       total 44032K, used 0K [0x00000006c0000000, 0x00000006c2b00000, 0x000000076ab00000)
  object space 44032K, 0% used [0x00000006c0000000,0x00000006c0000000,0x00000006c2b00000)
 Metaspace       used 5705K, capacity 6768K, committed 7040K, reserved 1056768K
  class space    used 570K, capacity 616K, committed 640K, reserved 1048576K
Event: 1.532 GC heap after
Heap after GC invocations=1 (full 0):
 PSYoungGen      total 18944K, used 2528K [0x000000076ab00000, 0x000000076c000000, 0x00000007c0000000)
  eden space 16384K, 0% used [0x000000076ab00000,0x000000076ab00000,0x000000076bb00000)
  from space 2560K, 98% used [0x000000076bb00000,0x000000076bd78058,0x000000076bd80000)
  to   space 2560K, 0% used [0x000000076bd80000,0x000000076bd80000,0x000000076c000000)
 ParOldGen       total 44032K, used 1593K [0x00000006c0000000, 0x00000006c2b00000, 0x000000076ab00000)
  object space 44032K, 3% used [0x00000006c0000000,0x00000006c018e4e8,0x00000006c2b00000)
 Metaspace       used 5705K, capacity 6768K, committed 7040K, reserved 1056768K
  class space    used 570K, capacity 616K, committed 640K, reserved 1048576K
}

Deoptimization events (0 events):
No events

Classes redefined (0 events):
No events

Internal exceptions (2 events):
Event: 0.136 Thread 0x000000000229f000 Exception <a 'java/lang/NoSuchMethodError': Method sun.misc.Unsafe.defineClass(Ljava/lang/String;[BII)Ljava/lang/Class; name or signature does not match> (0x000000076ab07ca8) thrown at [D:\src\AOSP-openjdk-cygwin\jdk8u\hotspot\src\share\vm\prims\jni.cpp, 
Event: 0.136 Thread 0x000000000229f000 Exception <a 'java/lang/NoSuchMethodError': Method sun.misc.Unsafe.prefetchRead(Ljava/lang/Object;J)V name or signature does not match> (0x000000076ab07f90) thrown at [D:\src\AOSP-openjdk-cygwin\jdk8u\hotspot\src\share\vm\prims\jni.cpp, line 4011]

Events (10 events):
Event: 0.963 Executing VM operation: ForceSafepoint
Event: 1.126 Executing VM operation: ForceSafepoint done
Event: 1.132 loading class java/util/concurrent/ThreadLocalRandom
Event: 1.132 loading class java/util/Random
Event: 1.132 loading class java/util/Random done
Event: 1.132 loading class java/util/concurrent/ThreadLocalRandom done
Event: 1.165 loading class com/android/dx/cf/code/BytecodeArray$ConstantParserVisitor
Event: 1.165 loading class com/android/dx/cf/code/BytecodeArray$ConstantParserVisitor done
Event: 1.177 Executing VM operation: ParallelGCFailedAllocation
Event: 1.532 Executing VM operation: ParallelGCFailedAllocation done


Dynamic libraries:
0x000000013fe50000 - 0x000000013fe81000 	C:\Program Files\Android\Android Studio\jre\bin\java.exe
0x00000000777f0000 - 0x0000000077999000 	C:\Windows\SYSTEM32\ntdll.dll
0x00000000775d0000 - 0x00000000776ef000 	C:\Windows\system32\kernel32.dll
0x000007fefd7e0000 - 0x000007fefd84b000 	C:\Windows\system32\KERNELBASE.dll
0x000007feff380000 - 0x000007feff45b000 	C:\Windows\system32\ADVAPI32.dll
0x000007fefda40000 - 0x000007fefdadf000 	C:\Windows\system32\msvcrt.dll
0x000007feff2a0000 - 0x000007feff2bf000 	C:\Windows\SYSTEM32\sechost.dll
0x000007fefec20000 - 0x000007fefed4d000 	C:\Windows\system32\RPCRT4.dll
0x00000000776f0000 - 0x00000000777ea000 	C:\Windows\system32\USER32.dll
0x000007feff5f0000 - 0x000007feff657000 	C:\Windows\system32\GDI32.dll
0x000007fefe980000 - 0x000007fefe98e000 	C:\Windows\system32\LPK.dll
0x000007feffa30000 - 0x000007feffaf9000 	C:\Windows\system32\USP10.dll
0x000007fefba50000 - 0x000007fefbc44000 	C:\Windows\WinSxS\amd64_microsoft.windows.common-controls_6595b64144ccf1df_6.0.7601.17514_none_fa396087175ac9ac\COMCTL32.dll
0x000007feff660000 - 0x000007feff6d1000 	C:\Windows\system32\SHLWAPI.dll
0x000007feff9b0000 - 0x000007feff9de000 	C:\Windows\system32\IMM32.DLL
0x000007fefed50000 - 0x000007fefee59000 	C:\Windows\system32\MSCTF.dll
0x000000005c490000 - 0x000000005c562000 	C:\Program Files\Android\Android Studio\jre\jre\bin\msvcr100.dll
0x000000005d120000 - 0x000000005d95e000 	C:\Program Files\Android\Android Studio\jre\jre\bin\server\jvm.dll
0x000007fefac30000 - 0x000007fefac39000 	C:\Windows\system32\WSOCK32.dll
0x000007feff9e0000 - 0x000007feffa2d000 	C:\Windows\system32\WS2_32.dll
0x000007fefe910000 - 0x000007fefe918000 	C:\Windows\system32\NSI.dll
0x000007fefb140000 - 0x000007fefb17b000 	C:\Windows\system32\WINMM.dll
0x000007fefc690000 - 0x000007fefc69c000 	C:\Windows\system32\VERSION.dll
0x00000000779c0000 - 0x00000000779c7000 	C:\Windows\system32\PSAPI.DLL
0x000007fef11a0000 - 0x000007fef11af000 	C:\Program Files\Android\Android Studio\jre\jre\bin\verify.dll
0x000007feede60000 - 0x000007feede89000 	C:\Program Files\Android\Android Studio\jre\jre\bin\java.dll
0x000007fef0790000 - 0x000007fef07a6000 	C:\Program Files\Android\Android Studio\jre\jre\bin\zip.dll
0x000007fefdae0000 - 0x000007fefe868000 	C:\Windows\system32\SHELL32.dll
0x000007fefea10000 - 0x000007fefec13000 	C:\Windows\system32\ole32.dll
0x000007fefd5a0000 - 0x000007fefd5af000 	C:\Windows\system32\profapi.dll

VM Arguments:
jvm_args: -Djava.awt.headless=true -Xmx4g -Dfile.encoding=windows-1252 -Duser.country=US -Duser.language=en -Duser.variant 
java_command: com.android.dx.command.Main --dex --force-jumbo --num-threads=4 --multi-dex --output E:\Ajay Android Projects\Ajay-Copy\app\build\intermediates\transforms\dex\debug\folders\1000\5\slice_8 E:\Ajay Android Projects\Ajay-Copy\app\build\intermediates\transforms\instantRunSlicer\debug\folders\1\5\slice_8
java_class_path (initial): C:\Users\ADMIN\AppData\Local\Android\sdk\build-tools\26.0.1\lib\dx.jar
Launcher Type: SUN_STANDARD

Environment Variables:
PATH=C:\ProgramData\Oracle\Java\javapath;C:\Program Files (x86)\Business Objects\Common\3.5\bin\NOTES\;C:\Program Files (x86)\Business Objects\Common\3.5\bin\NOTES\DATA\;C:\Windows\system32;C:\Windows;C:\Windows\System32\Wbem;C:\Windows\System32\WindowsPowerShell\v1.0\;C:\Program Files (x86)\Windows Kits\8.1\Windows Performance Toolkit\;C:\Program Files\Microsoft SQL Server\110\Tools\Binn\;C:\Program Files (x86)\Microsoft SQL Server\100\Tools\Binn\;C:\Program Files (x86)\Microsoft SQL Server\100\DTS\Binn\;C:\Program Files (x86)\Microsoft SQL Server\100\Tools\Binn\VSShell\Common7\IDE\;C:\Program Files\Microsoft SQL Server\130\Tools\Binn\;C:\Program Files\TortoiseSVN\bin;C:\Windows\system32\config\systemprofile\.dnx\bin;C:\Program Files\Microsoft DNX\Dnvm\;C:\Program Files (x86)\Skype\Phone\;C:\Program Files\Git\cmd;C:\Program Files\PuTTY\;C:\Program Files\SourceGear\Common\DiffMerge\;C:\Program Files (x86)\Microsoft Visual Studio 12.0\Common7
USERNAME=ADMIN
OS=Windows_NT
PROCESSOR_IDENTIFIER=Intel64 Family 6 Model 60 Stepping 3, GenuineIntel



---------------  S Y S T E M  ---------------

OS: Windows 7 , 64 bit Build 7601 (6.1.7601.18015)

CPU:total 4 (initial active 4) (2 cores per cpu, 2 threads per core) family 6 model 60 stepping 3, cmov, cx8, fxsr, mmx, sse, sse2, sse3, ssse3, sse4.1, sse4.2, popcnt, avx, avx2, aes, clmul, erms, lzcnt, ht, tsc, tscinvbit, bmi1, bmi2

Memory: 4k page, physical 4063360k(218912k free), swap 16251576k(3368k free)

vm_info: OpenJDK 64-Bit Server VM (25.152-b01) for windows-amd64 JRE (1.8.0_152-release-915-b01), built by "builder" with MS VC++ 10.0 (VS2010)

time: Wed Nov 22 01:28:36 2017
elapsed time: 1 seconds (0d 0h 0m 1s)

