#
# There is insufficient memory for the Java Runtime Environment to continue.
# Native memory allocation (malloc) failed to allocate 131088 bytes for Chunk::new
# Possible reasons:
#   The system is out of physical RAM or swap space
#   In 32 bit mode, the process size limit was hit
# Possible solutions:
#   Reduce memory load on the system
#   Increase physical memory or swap space
#   Check if swap backing store is full
#   Use 64 bit Java on a 64 bit OS
#   Decrease Java heap size (-Xmx/-Xms)
#   Decrease number of Java threads
#   Decrease Java thread stack sizes (-Xss)
#   Set larger code cache with -XX:ReservedCodeCacheSize=
# This output file may be truncated or incomplete.
#
#  Out of Memory Error (allocation.cpp:390), pid=5828, tid=0x00000000000015a8
#
# JRE version: OpenJDK Runtime Environment (8.0_152-b01) (build 1.8.0_152-release-915-b01)
# Java VM: OpenJDK 64-Bit Server VM (25.152-b01 mixed mode windows-amd64 compressed oops)
# Failed to write core dump. Minidumps are not enabled by default on client versions of Windows
#

---------------  T H R E A D  ---------------

Current thread (0x000000001c10f000):  JavaThread "C2 CompilerThread1" daemon [_thread_in_native, id=5544, stack(0x000000001df40000,0x000000001e040000)]

Stack: [0x000000001df40000,0x000000001e040000]
[error occurred during error reporting (printing stack bounds), id 0xc0000005]

Native frames: (J=compiled Java code, j=interpreted, Vv=VM code, C=native code)


Current CompileTask:
C2:   9945 1912       4       com.android.dx.ssa.SCCP::addUsersToWorklist (103 bytes)


---------------  P R O C E S S  ---------------

Java Threads: ( => current thread )
  0x000000001ddc5000 JavaThread "pool-2-thread-4" [_thread_in_Java, id=3512, stack(0x000000001ea20000,0x000000001eb20000)]
  0x000000001dcb0000 JavaThread "pool-2-thread-3" [_thread_in_vm, id=1968, stack(0x000000001e7a0000,0x000000001e8a0000)]
  0x000000001dc9f800 JavaThread "pool-2-thread-2" [_thread_in_vm, id=4664, stack(0x000000001e600000,0x000000001e700000)]
  0x000000001dc8d000 JavaThread "pool-3-thread-1" [_thread_blocked, id=6848, stack(0x000000001e320000,0x000000001e420000)]
  0x000000001dc8a000 JavaThread "pool-2-thread-1" [_thread_in_Java, id=6220, stack(0x000000001e440000,0x000000001e540000)]
  0x000000001db83800 JavaThread "Service Thread" daemon [_thread_blocked, id=6760, stack(0x000000001d280000,0x000000001d380000)]
  0x000000001db82800 JavaThread "C1 CompilerThread2" daemon [_thread_in_vm, id=2868, stack(0x000000001e090000,0x000000001e190000)]
=>0x000000001c10f000 JavaThread "C2 CompilerThread1" daemon [_thread_in_native, id=5544, stack(0x000000001df40000,0x000000001e040000)]
  0x000000001c10b000 JavaThread "C2 CompilerThread0" daemon [_thread_in_native, id=4152, stack(0x000000001da20000,0x000000001db20000)]
  0x000000001c104800 JavaThread "Attach Listener" daemon [_thread_blocked, id=2844, stack(0x000000001d8e0000,0x000000001d9e0000)]
  0x000000001c102800 JavaThread "Signal Dispatcher" daemon [_thread_blocked, id=6592, stack(0x000000001d750000,0x000000001d850000)]
  0x000000001c0e8800 JavaThread "Finalizer" daemon [_thread_blocked, id=1060, stack(0x000000001d540000,0x000000001d640000)]
  0x000000001c0a1800 JavaThread "Reference Handler" daemon [_thread_blocked, id=4160, stack(0x000000001d3d0000,0x000000001d4d0000)]
  0x000000000228f000 JavaThread "main" [_thread_in_vm, id=2140, stack(0x0000000002400000,0x0000000002500000)]

Other Threads:
  0x000000001c099800 VMThread [stack: 0x000000001d140000,0x000000001d240000] [id=5152]
  0x000000001db84800 WatcherThread [stack: 0x000000001e1f0000,0x000000001e2f0000] [id=5188]

VM state:synchronizing (normal execution)

VM Mutex/Monitor currently owned by a thread:  ([mutex/lock_event])
[0x000000000228d140] Safepoint_lock - owner thread: 0x000000001c099800
[0x000000000228d1c0] Threads_lock - owner thread: 0x000000001c099800

Heap:
 PSYoungGen      total 35328K, used 28207K [0x000000076ab00000, 0x000000076fe00000, 0x00000007c0000000)
  eden space 29696K, 76% used [0x000000076ab00000,0x000000076c10cc60,0x000000076c800000)
  from space 5632K, 99% used [0x000000076d180000,0x000000076d6ff378,0x000000076d700000)
  to   space 9728K, 0% used [0x000000076c800000,0x000000076c800000,0x000000076d180000)
 ParOldGen       total 44032K, used 20058K [0x00000006c0000000, 0x00000006c2b00000, 0x000000076ab00000)
  object space 44032K, 45% used [0x00000006c0000000,0x00000006c1396a78,0x00000006c2b00000)
 Metaspace       used 6123K, capacity 7088K, committed 7296K, reserved 1056768K
  class space    used 577K, capacity 616K, committed 640K, reserved 1048576K

Card table byte_map: [0x0000000011b90000,0x00000000123a0000] byte_map_base: 0x000000000e590000

Marking Bits: (ParMarkBitMap*) 0x000000005d8e3950
 Begin Bits: [0x0000000012f10000, 0x0000000016f10000)
 End Bits:   [0x0000000016f10000, 0x000000001af10000)

Polling page: 0x0000000000330000

CodeCache: size=245760Kb used=7542Kb max_used=9537Kb free=238218Kb
 bounds [0x00000000027d0000, 0x0000000003150000, 0x00000000117d0000]
 total_blobs=1764 nmethods=1499 adapters=179
 compilation: enabled

Compilation events (10 events):
Event: 9.812 Thread 0x000000001c10b000 nmethod 1906% 0x000000000310cd10 code [0x000000000310cf60, 0x000000000310e578]
Event: 9.852 Thread 0x000000001c10f000 nmethod 1907 0x00000000028f9e90 code [0x00000000028fa0a0, 0x00000000028fb878]
Event: 9.852 Thread 0x000000001c10b000 1909       4       com.android.dx.ssa.SCCP::simulatePhi (169 bytes)
Event: 9.852 Thread 0x000000001c10f000 1908       4       com.android.dx.cf.code.ByteCatchList::toTargetList (114 bytes)
Event: 9.866 Thread 0x000000001c10f000 nmethod 1908 0x0000000002911b10 code [0x0000000002911cc0, 0x00000000029127f8]
Event: 9.866 Thread 0x000000001c10f000 1911       4       com.android.dx.cf.code.ByteCatchList::listFor (120 bytes)
Event: 9.874 Thread 0x000000001c10f000 nmethod 1911 0x000000000296c250 code [0x000000000296c3c0, 0x000000000296ca18]
Event: 9.874 Thread 0x000000001c10f000 1910       4       com.android.dx.rop.cst.TypedConstant::getBasicFrameType (8 bytes)
Event: 9.875 Thread 0x000000001c10f000 nmethod 1910 0x00000000030d5110 code [0x00000000030d5260, 0x00000000030d5318]
Event: 9.898 Thread 0x000000001c10f000 1912       4       com.android.dx.ssa.SCCP::addUsersToWorklist (103 bytes)

GC Heap History (10 events):
Event: 5.931 GC heap before
{Heap before GC invocations=4 (full 0):
 PSYoungGen      total 18944K, used 18917K [0x000000076ab00000, 0x000000076c000000, 0x00000007c0000000)
  eden space 16384K, 100% used [0x000000076ab00000,0x000000076bb00000,0x000000076bb00000)
  from space 2560K, 98% used [0x000000076bb00000,0x000000076bd79778,0x000000076bd80000)
  to   space 2560K, 0% used [0x000000076bd80000,0x000000076bd80000,0x000000076c000000)
 ParOldGen       total 44032K, used 7314K [0x00000006c0000000, 0x00000006c2b00000, 0x000000076ab00000)
  object space 44032K, 16% used [0x00000006c0000000,0x00000006c0724858,0x00000006c2b00000)
 Metaspace       used 5960K, capacity 6960K, committed 7040K, reserved 1056768K
  class space    used 570K, capacity 616K, committed 640K, reserved 1048576K
Event: 5.941 GC heap after
Heap after GC invocations=4 (full 0):
 PSYoungGen      total 18944K, used 2541K [0x000000076ab00000, 0x000000076d000000, 0x00000007c0000000)
  eden space 16384K, 0% used [0x000000076ab00000,0x000000076ab00000,0x000000076bb00000)
  from space 2560K, 99% used [0x000000076bd80000,0x000000076bffb638,0x000000076c000000)
  to   space 2560K, 0% used [0x000000076bb00000,0x000000076bb00000,0x000000076bd80000)
 ParOldGen       total 44032K, used 10331K [0x00000006c0000000, 0x00000006c2b00000, 0x000000076ab00000)
  object space 44032K, 23% used [0x00000006c0000000,0x00000006c0a16f10,0x00000006c2b00000)
 Metaspace       used 5960K, capacity 6960K, committed 7040K, reserved 1056768K
  class space    used 570K, capacity 616K, committed 640K, reserved 1048576K
}
Event: 6.721 GC heap before
{Heap before GC invocations=5 (full 0):
 PSYoungGen      total 18944K, used 18925K [0x000000076ab00000, 0x000000076d000000, 0x00000007c0000000)
  eden space 16384K, 100% used [0x000000076ab00000,0x000000076bb00000,0x000000076bb00000)
  from space 2560K, 99% used [0x000000076bd80000,0x000000076bffb638,0x000000076c000000)
  to   space 2560K, 0% used [0x000000076bb00000,0x000000076bb00000,0x000000076bd80000)
 ParOldGen       total 44032K, used 10331K [0x00000006c0000000, 0x00000006c2b00000, 0x000000076ab00000)
  object space 44032K, 23% used [0x00000006c0000000,0x00000006c0a16f10,0x00000006c2b00000)
 Metaspace       used 6024K, capacity 7024K, committed 7296K, reserved 1056768K
  class space    used 575K, capacity 616K, committed 640K, reserved 1048576K
Event: 6.797 GC heap after
Heap after GC invocations=5 (full 0):
 PSYoungGen      total 18944K, used 2531K [0x000000076ab00000, 0x000000076d800000, 0x00000007c0000000)
  eden space 16384K, 0% used [0x000000076ab00000,0x000000076ab00000,0x000000076bb00000)
  from space 2560K, 98% used [0x000000076bb00000,0x000000076bd78da0,0x000000076bd80000)
  to   space 6656K, 0% used [0x000000076d180000,0x000000076d180000,0x000000076d800000)
 ParOldGen       total 44032K, used 12338K [0x00000006c0000000, 0x00000006c2b00000, 0x000000076ab00000)
  object space 44032K, 28% used [0x00000006c0000000,0x00000006c0c0c838,0x00000006c2b00000)
 Metaspace       used 6024K, capacity 7024K, committed 7296K, reserved 1056768K
  class space    used 575K, capacity 616K, committed 640K, reserved 1048576K
}
Event: 7.571 GC heap before
{Heap before GC invocations=6 (full 0):
 PSYoungGen      total 18944K, used 18915K [0x000000076ab00000, 0x000000076d800000, 0x00000007c0000000)
  eden space 16384K, 100% used [0x000000076ab00000,0x000000076bb00000,0x000000076bb00000)
  from space 2560K, 98% used [0x000000076bb00000,0x000000076bd78da0,0x000000076bd80000)
  to   space 6656K, 0% used [0x000000076d180000,0x000000076d180000,0x000000076d800000)
 ParOldGen       total 44032K, used 12338K [0x00000006c0000000, 0x00000006c2b00000, 0x000000076ab00000)
  object space 44032K, 28% used [0x00000006c0000000,0x00000006c0c0c838,0x00000006c2b00000)
 Metaspace       used 6065K, capacity 7088K, committed 7296K, reserved 1056768K
  class space    used 577K, capacity 616K, committed 640K, reserved 1048576K
Event: 7.631 GC heap after
Heap after GC invocations=6 (full 0):
 PSYoungGen      total 38400K, used 5010K [0x000000076ab00000, 0x000000076d700000, 0x00000007c0000000)
  eden space 32768K, 0% used [0x000000076ab00000,0x000000076ab00000,0x000000076cb00000)
  from space 5632K, 88% used [0x000000076d180000,0x000000076d664bb8,0x000000076d700000)
  to   space 6144K, 0% used [0x000000076cb00000,0x000000076cb00000,0x000000076d100000)
 ParOldGen       total 44032K, used 12338K [0x00000006c0000000, 0x00000006c2b00000, 0x000000076ab00000)
  object space 44032K, 28% used [0x00000006c0000000,0x00000006c0c0c838,0x00000006c2b00000)
 Metaspace       used 6065K, capacity 7088K, committed 7296K, reserved 1056768K
  class space    used 577K, capacity 616K, committed 640K, reserved 1048576K
}
Event: 8.825 GC heap before
{Heap before GC invocations=7 (full 0):
 PSYoungGen      total 38400K, used 37778K [0x000000076ab00000, 0x000000076d700000, 0x00000007c0000000)
  eden space 32768K, 100% used [0x000000076ab00000,0x000000076cb00000,0x000000076cb00000)
  from space 5632K, 88% used [0x000000076d180000,0x000000076d664bb8,0x000000076d700000)
  to   space 6144K, 0% used [0x000000076cb00000,0x000000076cb00000,0x000000076d100000)
 ParOldGen       total 44032K, used 12338K [0x00000006c0000000, 0x00000006c2b00000, 0x000000076ab00000)
  object space 44032K, 28% used [0x00000006c0000000,0x00000006c0c0c838,0x00000006c2b00000)
 Metaspace       used 6116K, capacity 7088K, committed 7296K, reserved 1056768K
  class space    used 577K, capacity 616K, committed 640K, reserved 1048576K
Event: 8.837 GC heap after
Heap after GC invocations=7 (full 0):
 PSYoungGen      total 38912K, used 6112K [0x000000076ab00000, 0x000000076d700000, 0x00000007c0000000)
  eden space 32768K, 0% used [0x000000076ab00000,0x000000076ab00000,0x000000076cb00000)
  from space 6144K, 99% used [0x000000076cb00000,0x000000076d0f83e0,0x000000076d100000)
  to   space 5632K, 0% used [0x000000076d180000,0x000000076d180000,0x000000076d700000)
 ParOldGen       total 44032K, used 15636K [0x00000006c0000000, 0x00000006c2b00000, 0x000000076ab00000)
  object space 44032K, 35% used [0x00000006c0000000,0x00000006c0f45380,0x00000006c2b00000)
 Metaspace       used 6116K, capacity 7088K, committed 7296K, reserved 1056768K
  class space    used 577K, capacity 616K, committed 640K, reserved 1048576K
}
Event: 9.875 GC heap before
{Heap before GC invocations=8 (full 0):
 PSYoungGen      total 38912K, used 38880K [0x000000076ab00000, 0x000000076d700000, 0x00000007c0000000)
  eden space 32768K, 100% used [0x000000076ab00000,0x000000076cb00000,0x000000076cb00000)
  from space 6144K, 99% used [0x000000076cb00000,0x000000076d0f83e0,0x000000076d100000)
  to   space 5632K, 0% used [0x000000076d180000,0x000000076d180000,0x000000076d700000)
 ParOldGen       total 44032K, used 15636K [0x00000006c0000000, 0x00000006c2b00000, 0x000000076ab00000)
  object space 44032K, 35% used [0x00000006c0000000,0x00000006c0f45380,0x00000006c2b00000)
 Metaspace       used 6122K, capacity 7088K, committed 7296K, reserved 1056768K
  class space    used 577K, capacity 616K, committed 640K, reserved 1048576K
Event: 9.897 GC heap after
Heap after GC invocations=8 (full 0):
 PSYoungGen      total 35328K, used 5628K [0x000000076ab00000, 0x000000076fe00000, 0x00000007c0000000)
  eden space 29696K, 0% used [0x000000076ab00000,0x000000076ab00000,0x000000076c800000)
  from space 5632K, 99% used [0x000000076d180000,0x000000076d6ff378,0x000000076d700000)
  to   space 9728K, 0% used [0x000000076c800000,0x000000076c800000,0x000000076d180000)
 ParOldGen       total 44032K, used 20058K [0x00000006c0000000, 0x00000006c2b00000, 0x000000076ab00000)
  object space 44032K, 45% used [0x00000006c0000000,0x00000006c1396a78,0x00000006c2b00000)
 Metaspace       used 6122K, capacity 7088K, committed 7296K, reserved 1056768K
  class space    used 577K, capacity 616K, committed 640K, reserved 1048576K
}

Deoptimization events (10 events):
Event: 9.197 Thread 0x000000001ddc5000 Uncommon trap: reason=class_check action=maybe_recompile pc=0x0000000003041b54 method=com.android.dx.rop.cst.CstLiteral32.equals(Ljava/lang/Object;)Z @ 20
Event: 9.197 Thread 0x000000001ddc5000 Uncommon trap: reason=class_check action=maybe_recompile pc=0x0000000003041b54 method=com.android.dx.rop.cst.CstLiteral32.equals(Ljava/lang/Object;)Z @ 20
Event: 9.197 Thread 0x000000001ddc5000 Uncommon trap: reason=bimorphic action=maybe_recompile pc=0x0000000002fdd784 method=com.android.dx.ssa.SCCP.simulatePhi(Lcom/android/dx/ssa/PhiInsn;)V @ 124
Event: 9.491 Thread 0x000000000228f000 Uncommon trap: reason=unstable_if action=reinterpret pc=0x0000000002dc1208 method=com.android.dx.rop.type.Type.intern(Ljava/lang/String;)Lcom/android/dx/rop/type/Type; @ 53
Event: 9.812 Thread 0x000000000228f000 Uncommon trap: reason=bimorphic action=maybe_recompile pc=0x0000000002fde3ac method=com.android.dx.ssa.SCCP.setLatticeValueTo(IILcom/android/dx/rop/cst/Constant;)Z @ 43
Event: 9.812 Thread 0x000000000228f000 Uncommon trap: reason=bimorphic action=maybe_recompile pc=0x0000000002fde3ac method=com.android.dx.ssa.SCCP.setLatticeValueTo(IILcom/android/dx/rop/cst/Constant;)Z @ 43
Event: 9.812 Thread 0x000000000228f000 Uncommon trap: reason=bimorphic action=maybe_recompile pc=0x0000000002fde3ac method=com.android.dx.ssa.SCCP.setLatticeValueTo(IILcom/android/dx/rop/cst/Constant;)Z @ 43
Event: 9.812 Thread 0x000000000228f000 Uncommon trap: reason=bimorphic action=maybe_recompile pc=0x0000000002fde3ac method=com.android.dx.ssa.SCCP.setLatticeValueTo(IILcom/android/dx/rop/cst/Constant;)Z @ 43
Event: 9.812 Thread 0x000000000228f000 Uncommon trap: reason=bimorphic action=maybe_recompile pc=0x00000000030a2e10 method=com.android.dx.ssa.SCCP.setLatticeValueTo(IILcom/android/dx/rop/cst/Constant;)Z @ 43
Event: 9.812 Thread 0x000000000228f000 Uncommon trap: reason=bimorphic action=maybe_recompile pc=0x0000000002fd77a0 method=com.android.dx.ssa.SCCP.setLatticeValueTo(IILcom/android/dx/rop/cst/Constant;)Z @ 43

Classes redefined (0 events):
No events

Internal exceptions (3 events):
Event: 1.095 Thread 0x000000000228f000 Exception <a 'java/lang/NoSuchMethodError': Method sun.misc.Unsafe.defineClass(Ljava/lang/String;[BII)Ljava/lang/Class; name or signature does not match> (0x000000076ab07ca8) thrown at [D:\src\AOSP-openjdk-cygwin\jdk8u\hotspot\src\share\vm\prims\jni.cpp, 
Event: 1.095 Thread 0x000000000228f000 Exception <a 'java/lang/NoSuchMethodError': Method sun.misc.Unsafe.prefetchRead(Ljava/lang/Object;J)V name or signature does not match> (0x000000076ab07f90) thrown at [D:\src\AOSP-openjdk-cygwin\jdk8u\hotspot\src\share\vm\prims\jni.cpp, line 4011]
Event: 6.164 Thread 0x000000001dcb0000 Implicit null exception at 0x0000000002ad6f62 to 0x0000000002ad7071

Events (10 events):
Event: 9.875 Thread 0x000000001c10f000 flushing nmethod 0x0000000002a3a050
Event: 9.875 Thread 0x000000001c10f000 flushing nmethod 0x0000000002a3b210
Event: 9.875 Thread 0x000000001c10f000 flushing nmethod 0x0000000002a42690
Event: 9.875 Thread 0x000000001c10f000 flushing nmethod 0x0000000002a43350
Event: 9.875 Thread 0x000000001c10f000 flushing nmethod 0x0000000002a47a90
Event: 9.875 Thread 0x000000001c10f000 flushing nmethod 0x0000000002a491d0
Event: 9.875 Thread 0x000000001c10f000 flushing nmethod 0x0000000002a4aed0
Event: 9.875 Thread 0x000000001c10f000 flushing nmethod 0x0000000002a4b850
Event: 9.875 Executing VM operation: ParallelGCFailedAllocation
Event: 9.897 Executing VM operation: ParallelGCFailedAllocation done


Dynamic libraries:
0x000000013fe50000 - 0x000000013fe81000 	C:\Program Files\Android\Android Studio\jre\bin\java.exe
0x00000000777f0000 - 0x0000000077999000 	C:\Windows\SYSTEM32\ntdll.dll
0x00000000775d0000 - 0x00000000776ef000 	C:\Windows\system32\kernel32.dll
0x000007fefd7e0000 - 0x000007fefd84b000 	C:\Windows\system32\KERNELBASE.dll
0x000007feff380000 - 0x000007feff45b000 	C:\Windows\system32\ADVAPI32.dll
0x000007fefda40000 - 0x000007fefdadf000 	C:\Windows\system32\msvcrt.dll
0x000007feff2a0000 - 0x000007feff2bf000 	C:\Windows\SYSTEM32\sechost.dll
0x000007fefec20000 - 0x000007fefed4d000 	C:\Windows\system32\RPCRT4.dll
0x00000000776f0000 - 0x00000000777ea000 	C:\Windows\system32\USER32.dll
0x000007feff5f0000 - 0x000007feff657000 	C:\Windows\system32\GDI32.dll
0x000007fefe980000 - 0x000007fefe98e000 	C:\Windows\system32\LPK.dll
0x000007feffa30000 - 0x000007feffaf9000 	C:\Windows\system32\USP10.dll
0x000007fefba50000 - 0x000007fefbc44000 	C:\Windows\WinSxS\amd64_microsoft.windows.common-controls_6595b64144ccf1df_6.0.7601.17514_none_fa396087175ac9ac\COMCTL32.dll
0x000007feff660000 - 0x000007feff6d1000 	C:\Windows\system32\SHLWAPI.dll
0x000007feff9b0000 - 0x000007feff9de000 	C:\Windows\system32\IMM32.DLL
0x000007fefed50000 - 0x000007fefee59000 	C:\Windows\system32\MSCTF.dll
0x000000005c490000 - 0x000000005c562000 	C:\Program Files\Android\Android Studio\jre\jre\bin\msvcr100.dll
0x000000005d120000 - 0x000000005d95e000 	C:\Program Files\Android\Android Studio\jre\jre\bin\server\jvm.dll
0x000007fefac30000 - 0x000007fefac39000 	C:\Windows\system32\WSOCK32.dll
0x000007feff9e0000 - 0x000007feffa2d000 	C:\Windows\system32\WS2_32.dll
0x000007fefe910000 - 0x000007fefe918000 	C:\Windows\system32\NSI.dll
0x000007fefb140000 - 0x000007fefb17b000 	C:\Windows\system32\WINMM.dll
0x000007fefc690000 - 0x000007fefc69c000 	C:\Windows\system32\VERSION.dll
0x00000000779c0000 - 0x00000000779c7000 	C:\Windows\system32\PSAPI.DLL
0x000007fef11a0000 - 0x000007fef11af000 	C:\Program Files\Android\Android Studio\jre\jre\bin\verify.dll
0x000007feede60000 - 0x000007feede89000 	C:\Program Files\Android\Android Studio\jre\jre\bin\java.dll
0x000007fef0790000 - 0x000007fef07a6000 	C:\Program Files\Android\Android Studio\jre\jre\bin\zip.dll
0x000007fefdae0000 - 0x000007fefe868000 	C:\Windows\system32\SHELL32.dll
0x000007fefea10000 - 0x000007fefec13000 	C:\Windows\system32\ole32.dll
0x000007fefd5a0000 - 0x000007fefd5af000 	C:\Windows\system32\profapi.dll

VM Arguments:
jvm_args: -Djava.awt.headless=true -Xmx4g -Dfile.encoding=windows-1252 -Duser.country=US -Duser.language=en -Duser.variant 
java_command: com.android.dx.command.Main --dex --force-jumbo --num-threads=4 --multi-dex --output E:\Ajay Android Projects\Ajay-Copy\app\build\intermediates\transforms\dex\debug\folders\1000\5\slice_5 E:\Ajay Android Projects\Ajay-Copy\app\build\intermediates\transforms\instantRunSlicer\debug\folders\1\5\slice_5
java_class_path (initial): C:\Users\ADMIN\AppData\Local\Android\sdk\build-tools\26.0.1\lib\dx.jar
Launcher Type: SUN_STANDARD

Environment Variables:
PATH=C:\ProgramData\Oracle\Java\javapath;C:\Program Files (x86)\Business Objects\Common\3.5\bin\NOTES\;C:\Program Files (x86)\Business Objects\Common\3.5\bin\NOTES\DATA\;C:\Windows\system32;C:\Windows;C:\Windows\System32\Wbem;C:\Windows\System32\WindowsPowerShell\v1.0\;C:\Program Files (x86)\Windows Kits\8.1\Windows Performance Toolkit\;C:\Program Files\Microsoft SQL Server\110\Tools\Binn\;C:\Program Files (x86)\Microsoft SQL Server\100\Tools\Binn\;C:\Program Files (x86)\Microsoft SQL Server\100\DTS\Binn\;C:\Program Files (x86)\Microsoft SQL Server\100\Tools\Binn\VSShell\Common7\IDE\;C:\Program Files\Microsoft SQL Server\130\Tools\Binn\;C:\Program Files\TortoiseSVN\bin;C:\Windows\system32\config\systemprofile\.dnx\bin;C:\Program Files\Microsoft DNX\Dnvm\;C:\Program Files (x86)\Skype\Phone\;C:\Program Files\Git\cmd;C:\Program Files\PuTTY\;C:\Program Files\SourceGear\Common\DiffMerge\;C:\Program Files (x86)\Microsoft Visual Studio 12.0\Common7
USERNAME=ADMIN
OS=Windows_NT
PROCESSOR_IDENTIFIER=Intel64 Family 6 Model 60 Stepping 3, GenuineIntel



---------------  S Y S T E M  ---------------

OS: Windows 7 , 64 bit Build 7601 (6.1.7601.18015)

CPU:total 4 (initial active 4) (2 cores per cpu, 2 threads per core) family 6 model 60 stepping 3, cmov, cx8, fxsr, mmx, sse, sse2, sse3, ssse3, sse4.1, sse4.2, popcnt, avx, avx2, aes, clmul, erms, lzcnt, ht, tsc, tscinvbit, bmi1, bmi2

Memory: 4k page, physical 4063360k(172568k free), swap 16251576k(5124k free)

vm_info: OpenJDK 64-Bit Server VM (25.152-b01) for windows-amd64 JRE (1.8.0_152-release-915-b01), built by "builder" with MS VC++ 10.0 (VS2010)

time: Wed Nov 22 00:38:56 2017
elapsed time: 9 seconds (0d 0h 0m 9s)

