#
# There is insufficient memory for the Java Runtime Environment to continue.
# Native memory allocation (malloc) failed to allocate 262160 bytes for Chunk::new
# Possible reasons:
#   The system is out of physical RAM or swap space
#   In 32 bit mode, the process size limit was hit
# Possible solutions:
#   Reduce memory load on the system
#   Increase physical memory or swap space
#   Check if swap backing store is full
#   Use 64 bit Java on a 64 bit OS
#   Decrease Java heap size (-Xmx/-Xms)
#   Decrease number of Java threads
#   Decrease Java thread stack sizes (-Xss)
#   Set larger code cache with -XX:ReservedCodeCacheSize=
# This output file may be truncated or incomplete.
#
#  Out of Memory Error (allocation.cpp:390), pid=5960, tid=0x00000000000011a8
#
# JRE version: OpenJDK Runtime Environment (8.0_152-b01) (build 1.8.0_152-release-915-b01)
# Java VM: OpenJDK 64-Bit Server VM (25.152-b01 mixed mode windows-amd64 compressed oops)
# Failed to write core dump. Minidumps are not enabled by default on client versions of Windows
#

---------------  T H R E A D  ---------------

Current thread (0x000000001c034000):  JavaThread "C2 CompilerThread0" daemon [_thread_in_native, id=4520, stack(0x000000001dcb0000,0x000000001ddb0000)]

Stack: [0x000000001dcb0000,0x000000001ddb0000]
[error occurred during error reporting (printing stack bounds), id 0xc0000005]

Native frames: (J=compiled Java code, j=interpreted, Vv=VM code, C=native code)


Current CompileTask:
C2:  18077 2116       4       com.android.dx.cf.code.Simulator$SimVisitor::visitNoArgs (2136 bytes)


---------------  P R O C E S S  ---------------

Java Threads: ( => current thread )
  0x000000001d68a000 JavaThread "pool-2-thread-4" [_thread_blocked, id=6220, stack(0x000000001e930000,0x000000001ea30000)]
  0x000000001d689800 JavaThread "pool-2-thread-3" [_thread_blocked, id=2868, stack(0x000000001e670000,0x000000001e770000)]
  0x000000001d707800 JavaThread "pool-2-thread-2" [_thread_blocked, id=3704, stack(0x000000001e770000,0x000000001e870000)]
  0x000000001d5cd000 JavaThread "pool-3-thread-1" [_thread_blocked, id=1680, stack(0x000000001e4c0000,0x000000001e5c0000)]
  0x000000001d5c8000 JavaThread "pool-2-thread-1" [_thread_blocked, id=6296, stack(0x000000001e180000,0x000000001e280000)]
  0x000000001d4b9800 JavaThread "Service Thread" daemon [_thread_blocked, id=6856, stack(0x000000001da10000,0x000000001db10000)]
  0x000000001d4b8800 JavaThread "C1 CompilerThread2" daemon [_thread_blocked, id=3292, stack(0x000000001e080000,0x000000001e180000)]
  0x000000001d4b7800 JavaThread "C2 CompilerThread1" daemon [_thread_blocked, id=5688, stack(0x000000001dee0000,0x000000001dfe0000)]
=>0x000000001c034000 JavaThread "C2 CompilerThread0" daemon [_thread_in_native, id=4520, stack(0x000000001dcb0000,0x000000001ddb0000)]
  0x000000001c032800 JavaThread "Attach Listener" daemon [_thread_blocked, id=2000, stack(0x000000001db40000,0x000000001dc40000)]
  0x000000001c030800 JavaThread "Signal Dispatcher" daemon [_thread_blocked, id=2388, stack(0x000000001d8f0000,0x000000001d9f0000)]
  0x000000001c018800 JavaThread "Finalizer" daemon [_thread_blocked, id=6520, stack(0x000000001d360000,0x000000001d460000)]
  0x000000001bfd1800 JavaThread "Reference Handler" daemon [_thread_blocked, id=6300, stack(0x000000001d0b0000,0x000000001d1b0000)]
  0x000000000020f000 JavaThread "main" [_thread_blocked, id=5264, stack(0x0000000002450000,0x0000000002550000)]

Other Threads:
  0x000000001bfc9800 VMThread [stack: 0x000000001d1e0000,0x000000001d2e0000] [id=496]
  0x000000001d4ba800 WatcherThread [stack: 0x000000001e320000,0x000000001e420000] [id=5136]

VM state:not at safepoint (normal execution)

VM Mutex/Monitor currently owned by a thread: None

Heap:
 PSYoungGen      total 68096K, used 45552K [0x000000076ab00000, 0x0000000774200000, 0x00000007c0000000)
  eden space 65536K, 65% used [0x000000076ab00000,0x000000076d4ff2f0,0x000000076eb00000)
  from space 2560K, 99% used [0x000000076eb00000,0x000000076ed7cda8,0x000000076ed80000)
  to   space 11776K, 0% used [0x0000000773680000,0x0000000773680000,0x0000000774200000)
 ParOldGen       total 44032K, used 23253K [0x00000006c0000000, 0x00000006c2b00000, 0x000000076ab00000)
  object space 44032K, 52% used [0x00000006c0000000,0x00000006c16b5460,0x00000006c2b00000)
 Metaspace       used 6171K, capacity 7152K, committed 7296K, reserved 1056768K
  class space    used 576K, capacity 616K, committed 640K, reserved 1048576K

Card table byte_map: [0x0000000011be0000,0x00000000123f0000] byte_map_base: 0x000000000e5e0000

Marking Bits: (ParMarkBitMap*) 0x000000005d8e3950
 Begin Bits: [0x0000000012e40000, 0x0000000016e40000)
 End Bits:   [0x0000000016e40000, 0x000000001ae40000)

Polling page: 0x0000000002150000

CodeCache: size=245760Kb used=8443Kb max_used=9192Kb free=237316Kb
 bounds [0x0000000002820000, 0x0000000003160000, 0x0000000011820000]
 total_blobs=1909 nmethods=1646 adapters=176
 compilation: enabled

Compilation events (10 events):
Event: 17.786 Thread 0x000000001c034000 nmethod 2099 0x0000000002aa1f50 code [0x0000000002aa2260, 0x0000000002aa5948]
Event: 17.817 Thread 0x000000001d4b7800 nmethod 2109 0x00000000029bc890 code [0x00000000029bcba0, 0x00000000029be268]
Event: 17.852 Thread 0x000000001d4b8800 2110       3       com.android.dx.cf.attrib.InnerClassList$Item::<init> (40 bytes)
Event: 17.852 Thread 0x000000001d4b8800 nmethod 2110 0x0000000002e027d0 code [0x0000000002e02940, 0x0000000002e02c48]
Event: 18.034 Thread 0x000000001d4b7800 2115       4       com.android.dx.ssa.back.FirstFitLocalCombiningAllocator::addMapping (76 bytes)
Event: 18.035 Thread 0x000000001d4b8800 2114       3       com.android.dx.rop.cst.CstFloat::getType (4 bytes)
Event: 18.035 Thread 0x000000001d4b8800 nmethod 2114 0x0000000002d31810 code [0x0000000002d31960, 0x0000000002d31ab0]
Event: 18.035 Thread 0x000000001d4b8800 2111       1       com.android.dx.cf.attrib.AttInnerClasses::getInnerClasses (5 bytes)
Event: 18.035 Thread 0x000000001c034000 2116       4       com.android.dx.cf.code.Simulator$SimVisitor::visitNoArgs (2136 bytes)
Event: 18.035 Thread 0x000000001d4b8800 nmethod 2111 0x0000000002a45f10 code [0x0000000002a46060, 0x0000000002a46170]

GC Heap History (10 events):
Event: 2.993 GC heap before
{Heap before GC invocations=1 (full 0):
 PSYoungGen      total 18944K, used 16384K [0x000000076ab00000, 0x000000076c000000, 0x00000007c0000000)
  eden space 16384K, 100% used [0x000000076ab00000,0x000000076bb00000,0x000000076bb00000)
  from space 2560K, 0% used [0x000000076bd80000,0x000000076bd80000,0x000000076c000000)
  to   space 2560K, 0% used [0x000000076bb00000,0x000000076bb00000,0x000000076bd80000)
 ParOldGen       total 44032K, used 0K [0x00000006c0000000, 0x00000006c2b00000, 0x000000076ab00000)
  object space 44032K, 0% used [0x00000006c0000000,0x00000006c0000000,0x00000006c2b00000)
 Metaspace       used 5695K, capacity 6768K, committed 7040K, reserved 1056768K
  class space    used 568K, capacity 616K, committed 640K, reserved 1048576K
Event: 3.256 GC heap after
Heap after GC invocations=1 (full 0):
 PSYoungGen      total 18944K, used 2544K [0x000000076ab00000, 0x000000076d000000, 0x00000007c0000000)
  eden space 16384K, 0% used [0x000000076ab00000,0x000000076ab00000,0x000000076bb00000)
  from space 2560K, 99% used [0x000000076bb00000,0x000000076bd7c068,0x000000076bd80000)
  to   space 2560K, 0% used [0x000000076cd80000,0x000000076cd80000,0x000000076d000000)
 ParOldGen       total 44032K, used 1719K [0x00000006c0000000, 0x00000006c2b00000, 0x000000076ab00000)
  object space 44032K, 3% used [0x00000006c0000000,0x00000006c01adeb0,0x00000006c2b00000)
 Metaspace       used 5695K, capacity 6768K, committed 7040K, reserved 1056768K
  class space    used 568K, capacity 616K, committed 640K, reserved 1048576K
}
Event: 5.379 GC heap before
{Heap before GC invocations=2 (full 0):
 PSYoungGen      total 18944K, used 18928K [0x000000076ab00000, 0x000000076d000000, 0x00000007c0000000)
  eden space 16384K, 100% used [0x000000076ab00000,0x000000076bb00000,0x000000076bb00000)
  from space 2560K, 99% used [0x000000076bb00000,0x000000076bd7c068,0x000000076bd80000)
  to   space 2560K, 0% used [0x000000076cd80000,0x000000076cd80000,0x000000076d000000)
 ParOldGen       total 44032K, used 1719K [0x00000006c0000000, 0x00000006c2b00000, 0x000000076ab00000)
  object space 44032K, 3% used [0x00000006c0000000,0x00000006c01adeb0,0x00000006c2b00000)
 Metaspace       used 5817K, capacity 6896K, committed 7040K, reserved 1056768K
  class space    used 568K, capacity 616K, committed 640K, reserved 1048576K
Event: 5.508 GC heap after
Heap after GC invocations=2 (full 0):
 PSYoungGen      total 35328K, used 2542K [0x000000076ab00000, 0x000000076d000000, 0x00000007c0000000)
  eden space 32768K, 0% used [0x000000076ab00000,0x000000076ab00000,0x000000076cb00000)
  from space 2560K, 99% used [0x000000076cd80000,0x000000076cffbb30,0x000000076d000000)
  to   space 2560K, 0% used [0x000000076cb00000,0x000000076cb00000,0x000000076cd80000)
 ParOldGen       total 44032K, used 4383K [0x00000006c0000000, 0x00000006c2b00000, 0x000000076ab00000)
  object space 44032K, 9% used [0x00000006c0000000,0x00000006c0447f50,0x00000006c2b00000)
 Metaspace       used 5817K, capacity 6896K, committed 7040K, reserved 1056768K
  class space    used 568K, capacity 616K, committed 640K, reserved 1048576K
}
Event: 9.389 GC heap before
{Heap before GC invocations=3 (full 0):
 PSYoungGen      total 35328K, used 35310K [0x000000076ab00000, 0x000000076d000000, 0x00000007c0000000)
  eden space 32768K, 100% used [0x000000076ab00000,0x000000076cb00000,0x000000076cb00000)
  from space 2560K, 99% used [0x000000076cd80000,0x000000076cffbb30,0x000000076d000000)
  to   space 2560K, 0% used [0x000000076cb00000,0x000000076cb00000,0x000000076cd80000)
 ParOldGen       total 44032K, used 4383K [0x00000006c0000000, 0x00000006c2b00000, 0x000000076ab00000)
  object space 44032K, 9% used [0x00000006c0000000,0x00000006c0447f50,0x00000006c2b00000)
 Metaspace       used 5956K, capacity 6960K, committed 7040K, reserved 1056768K
  class space    used 568K, capacity 616K, committed 640K, reserved 1048576K
Event: 9.793 GC heap after
Heap after GC invocations=3 (full 0):
 PSYoungGen      total 35328K, used 2560K [0x000000076ab00000, 0x000000076f000000, 0x00000007c0000000)
  eden space 32768K, 0% used [0x000000076ab00000,0x000000076ab00000,0x000000076cb00000)
  from space 2560K, 100% used [0x000000076cb00000,0x000000076cd80000,0x000000076cd80000)
  to   space 2560K, 0% used [0x000000076ed80000,0x000000076ed80000,0x000000076f000000)
 ParOldGen       total 44032K, used 10203K [0x00000006c0000000, 0x00000006c2b00000, 0x000000076ab00000)
  object space 44032K, 23% used [0x00000006c0000000,0x00000006c09f6cf8,0x00000006c2b00000)
 Metaspace       used 5956K, capacity 6960K, committed 7040K, reserved 1056768K
  class space    used 568K, capacity 616K, committed 640K, reserved 1048576K
}
Event: 11.941 GC heap before
{Heap before GC invocations=4 (full 0):
 PSYoungGen      total 35328K, used 35328K [0x000000076ab00000, 0x000000076f000000, 0x00000007c0000000)
  eden space 32768K, 100% used [0x000000076ab00000,0x000000076cb00000,0x000000076cb00000)
  from space 2560K, 100% used [0x000000076cb00000,0x000000076cd80000,0x000000076cd80000)
  to   space 2560K, 0% used [0x000000076ed80000,0x000000076ed80000,0x000000076f000000)
 ParOldGen       total 44032K, used 10203K [0x00000006c0000000, 0x00000006c2b00000, 0x000000076ab00000)
  object space 44032K, 23% used [0x00000006c0000000,0x00000006c09f6cf8,0x00000006c2b00000)
 Metaspace       used 6035K, capacity 7024K, committed 7296K, reserved 1056768K
  class space    used 575K, capacity 616K, committed 640K, reserved 1048576K
Event: 12.358 GC heap after
Heap after GC invocations=4 (full 0):
 PSYoungGen      total 68096K, used 2550K [0x000000076ab00000, 0x000000076f000000, 0x00000007c0000000)
  eden space 65536K, 0% used [0x000000076ab00000,0x000000076ab00000,0x000000076eb00000)
  from space 2560K, 99% used [0x000000076ed80000,0x000000076effda40,0x000000076f000000)
  to   space 2560K, 0% used [0x000000076eb00000,0x000000076eb00000,0x000000076ed80000)
 ParOldGen       total 44032K, used 14862K [0x00000006c0000000, 0x00000006c2b00000, 0x000000076ab00000)
  object space 44032K, 33% used [0x00000006c0000000,0x00000006c0e838e8,0x00000006c2b00000)
 Metaspace       used 6035K, capacity 7024K, committed 7296K, reserved 1056768K
  class space    used 575K, capacity 616K, committed 640K, reserved 1048576K
}
Event: 15.724 GC heap before
{Heap before GC invocations=5 (full 0):
 PSYoungGen      total 68096K, used 68086K [0x000000076ab00000, 0x000000076f000000, 0x00000007c0000000)
  eden space 65536K, 100% used [0x000000076ab00000,0x000000076eb00000,0x000000076eb00000)
  from space 2560K, 99% used [0x000000076ed80000,0x000000076effda40,0x000000076f000000)
  to   space 2560K, 0% used [0x000000076eb00000,0x000000076eb00000,0x000000076ed80000)
 ParOldGen       total 44032K, used 14862K [0x00000006c0000000, 0x00000006c2b00000, 0x000000076ab00000)
  object space 44032K, 33% used [0x00000006c0000000,0x00000006c0e838e8,0x00000006c2b00000)
 Metaspace       used 6110K, capacity 7088K, committed 7296K, reserved 1056768K
  class space    used 576K, capacity 616K, committed 640K, reserved 1048576K
Event: 16.069 GC heap after
Heap after GC invocations=5 (full 0):
 PSYoungGen      total 68096K, used 2547K [0x000000076ab00000, 0x0000000774200000, 0x00000007c0000000)
  eden space 65536K, 0% used [0x000000076ab00000,0x000000076ab00000,0x000000076eb00000)
  from space 2560K, 99% used [0x000000076eb00000,0x000000076ed7cda8,0x000000076ed80000)
  to   space 11776K, 0% used [0x0000000773680000,0x0000000773680000,0x0000000774200000)
 ParOldGen       total 44032K, used 23253K [0x00000006c0000000, 0x00000006c2b00000, 0x000000076ab00000)
  object space 44032K, 52% used [0x00000006c0000000,0x00000006c16b5460,0x00000006c2b00000)
 Metaspace       used 6110K, capacity 7088K, committed 7296K, reserved 1056768K
  class space    used 576K, capacity 616K, committed 640K, reserved 1048576K
}

Deoptimization events (10 events):
Event: 15.424 Thread 0x000000001d68a000 Uncommon trap: reason=unstable_if action=reinterpret pc=0x0000000002e9232c method=com.android.dx.cf.code.BaseMachine.popArgs(Lcom/android/dx/cf/code/Frame;I)V @ 15
Event: 15.429 Thread 0x000000001d68a000 Uncommon trap: reason=unstable_if action=reinterpret pc=0x0000000002ce014c method=com.android.dx.util.BitIntSet.has(I)Z @ 8
Event: 15.429 Thread 0x000000001d68a000 Uncommon trap: reason=unstable_if action=reinterpret pc=0x0000000002d028e0 method=com.android.dx.util.BitIntSet.has(I)Z @ 8
Event: 15.713 Thread 0x000000001d68a000 Uncommon trap: reason=unstable_if action=reinterpret pc=0x0000000002fd43fc method=com.android.dx.ssa.SsaRenamer$BlockRenamer.process()V @ 90
Event: 16.915 Thread 0x000000001d707800 Uncommon trap: reason=unstable_if action=reinterpret pc=0x0000000002a40920 method=com.android.dx.cf.code.LocalVariableList$Item.matchesPcAndIndex(II)Z @ 13
Event: 17.422 Thread 0x000000001d68a000 Uncommon trap: reason=bimorphic action=maybe_recompile pc=0x00000000030168f0 method=com.android.dx.ssa.SCCP.setLatticeValueTo(IILcom/android/dx/rop/cst/Constant;)Z @ 43
Event: 17.423 Thread 0x000000001d68a000 Uncommon trap: reason=bimorphic action=maybe_recompile pc=0x00000000030168f0 method=com.android.dx.ssa.SCCP.setLatticeValueTo(IILcom/android/dx/rop/cst/Constant;)Z @ 43
Event: 17.423 Thread 0x000000001d68a000 Uncommon trap: reason=bimorphic action=maybe_recompile pc=0x00000000030168f0 method=com.android.dx.ssa.SCCP.setLatticeValueTo(IILcom/android/dx/rop/cst/Constant;)Z @ 43
Event: 17.423 Thread 0x000000001d68a000 Uncommon trap: reason=bimorphic action=maybe_recompile pc=0x00000000029b3fdc method=com.android.dx.ssa.SCCP.setLatticeValueTo(IILcom/android/dx/rop/cst/Constant;)Z @ 43
Event: 17.423 Thread 0x000000001d68a000 Uncommon trap: reason=bimorphic action=maybe_recompile pc=0x000000000300c060 method=com.android.dx.ssa.SCCP.setLatticeValueTo(IILcom/android/dx/rop/cst/Constant;)Z @ 43

Classes redefined (0 events):
No events

Internal exceptions (3 events):
Event: 0.661 Thread 0x000000000020f000 Exception <a 'java/lang/NoSuchMethodError': Method sun.misc.Unsafe.defineClass(Ljava/lang/String;[BII)Ljava/lang/Class; name or signature does not match> (0x000000076ab07ca8) thrown at [D:\src\AOSP-openjdk-cygwin\jdk8u\hotspot\src\share\vm\prims\jni.cpp, 
Event: 0.661 Thread 0x000000000020f000 Exception <a 'java/lang/NoSuchMethodError': Method sun.misc.Unsafe.prefetchRead(Ljava/lang/Object;J)V name or signature does not match> (0x000000076ab07f90) thrown at [D:\src\AOSP-openjdk-cygwin\jdk8u\hotspot\src\share\vm\prims\jni.cpp, line 4011]
Event: 9.052 Thread 0x000000001d68a000 Implicit null exception at 0x0000000002b2b8e2 to 0x0000000002b2b9f1

Events (10 events):
Event: 17.423 Thread 0x000000001d68a000 DEOPT PACKING pc=0x00000000030168f0 sp=0x000000001ea2e710
Event: 17.423 Thread 0x000000001d68a000 DEOPT UNPACKING pc=0x000000000286556a sp=0x000000001ea2e628 mode 2
Event: 17.423 Thread 0x000000001d68a000 Uncommon trap: trap_request=0xffffffc6 fr.pc=0x00000000029b3fdc
Event: 17.423 Thread 0x000000001d68a000 DEOPT PACKING pc=0x00000000029b3fdc sp=0x000000001ea2e6f0
Event: 17.423 Thread 0x000000001d68a000 DEOPT UNPACKING pc=0x000000000286556a sp=0x000000001ea2e618 mode 2
Event: 17.423 Thread 0x000000001d68a000 Uncommon trap: trap_request=0xffffffc6 fr.pc=0x000000000300c060
Event: 17.423 Thread 0x000000001d68a000 DEOPT PACKING pc=0x000000000300c060 sp=0x000000001ea2e650
Event: 17.423 Thread 0x000000001d68a000 DEOPT UNPACKING pc=0x000000000286556a sp=0x000000001ea2e610 mode 2
Event: 17.791 Thread 0x000000001d689800 DEOPT PACKING pc=0x0000000002d03905 sp=0x000000001e76eab0
Event: 17.791 Thread 0x000000001d689800 DEOPT UNPACKING pc=0x00000000028675bf sp=0x000000001e76e818 mode 0


Dynamic libraries:
0x000000013fe50000 - 0x000000013fe81000 	C:\Program Files\Android\Android Studio\jre\bin\java.exe
0x00000000777f0000 - 0x0000000077999000 	C:\Windows\SYSTEM32\ntdll.dll
0x00000000775d0000 - 0x00000000776ef000 	C:\Windows\system32\kernel32.dll
0x000007fefd7e0000 - 0x000007fefd84b000 	C:\Windows\system32\KERNELBASE.dll
0x000007feff380000 - 0x000007feff45b000 	C:\Windows\system32\ADVAPI32.dll
0x000007fefda40000 - 0x000007fefdadf000 	C:\Windows\system32\msvcrt.dll
0x000007feff2a0000 - 0x000007feff2bf000 	C:\Windows\SYSTEM32\sechost.dll
0x000007fefec20000 - 0x000007fefed4d000 	C:\Windows\system32\RPCRT4.dll
0x00000000776f0000 - 0x00000000777ea000 	C:\Windows\system32\USER32.dll
0x000007feff5f0000 - 0x000007feff657000 	C:\Windows\system32\GDI32.dll
0x000007fefe980000 - 0x000007fefe98e000 	C:\Windows\system32\LPK.dll
0x000007feffa30000 - 0x000007feffaf9000 	C:\Windows\system32\USP10.dll
0x000007fefba50000 - 0x000007fefbc44000 	C:\Windows\WinSxS\amd64_microsoft.windows.common-controls_6595b64144ccf1df_6.0.7601.17514_none_fa396087175ac9ac\COMCTL32.dll
0x000007feff660000 - 0x000007feff6d1000 	C:\Windows\system32\SHLWAPI.dll
0x000007feff9b0000 - 0x000007feff9de000 	C:\Windows\system32\IMM32.DLL
0x000007fefed50000 - 0x000007fefee59000 	C:\Windows\system32\MSCTF.dll
0x000000005c490000 - 0x000000005c562000 	C:\Program Files\Android\Android Studio\jre\jre\bin\msvcr100.dll
0x000000005d120000 - 0x000000005d95e000 	C:\Program Files\Android\Android Studio\jre\jre\bin\server\jvm.dll
0x000007fefac30000 - 0x000007fefac39000 	C:\Windows\system32\WSOCK32.dll
0x000007feff9e0000 - 0x000007feffa2d000 	C:\Windows\system32\WS2_32.dll
0x000007fefe910000 - 0x000007fefe918000 	C:\Windows\system32\NSI.dll
0x000007fefb140000 - 0x000007fefb17b000 	C:\Windows\system32\WINMM.dll
0x000007fefc690000 - 0x000007fefc69c000 	C:\Windows\system32\VERSION.dll
0x00000000779c0000 - 0x00000000779c7000 	C:\Windows\system32\PSAPI.DLL
0x000007fef11a0000 - 0x000007fef11af000 	C:\Program Files\Android\Android Studio\jre\jre\bin\verify.dll
0x000007feede60000 - 0x000007feede89000 	C:\Program Files\Android\Android Studio\jre\jre\bin\java.dll
0x000007fef0790000 - 0x000007fef07a6000 	C:\Program Files\Android\Android Studio\jre\jre\bin\zip.dll
0x000007fefdae0000 - 0x000007fefe868000 	C:\Windows\system32\SHELL32.dll
0x000007fefea10000 - 0x000007fefec13000 	C:\Windows\system32\ole32.dll
0x000007fefd5a0000 - 0x000007fefd5af000 	C:\Windows\system32\profapi.dll

VM Arguments:
jvm_args: -Djava.awt.headless=true -Xmx4g -Dfile.encoding=windows-1252 -Duser.country=US -Duser.language=en -Duser.variant 
java_command: com.android.dx.command.Main --dex --force-jumbo --num-threads=4 --multi-dex --output E:\Ajay Android Projects\Ajay-Copy\app\build\intermediates\transforms\dex\debug\folders\1000\5\slice_5 E:\Ajay Android Projects\Ajay-Copy\app\build\intermediates\transforms\instantRunSlicer\debug\folders\1\5\slice_5
java_class_path (initial): C:\Users\ADMIN\AppData\Local\Android\sdk\build-tools\26.0.1\lib\dx.jar
Launcher Type: SUN_STANDARD

Environment Variables:
PATH=C:\ProgramData\Oracle\Java\javapath;C:\Program Files (x86)\Business Objects\Common\3.5\bin\NOTES\;C:\Program Files (x86)\Business Objects\Common\3.5\bin\NOTES\DATA\;C:\Windows\system32;C:\Windows;C:\Windows\System32\Wbem;C:\Windows\System32\WindowsPowerShell\v1.0\;C:\Program Files (x86)\Windows Kits\8.1\Windows Performance Toolkit\;C:\Program Files\Microsoft SQL Server\110\Tools\Binn\;C:\Program Files (x86)\Microsoft SQL Server\100\Tools\Binn\;C:\Program Files (x86)\Microsoft SQL Server\100\DTS\Binn\;C:\Program Files (x86)\Microsoft SQL Server\100\Tools\Binn\VSShell\Common7\IDE\;C:\Program Files\Microsoft SQL Server\130\Tools\Binn\;C:\Program Files\TortoiseSVN\bin;C:\Windows\system32\config\systemprofile\.dnx\bin;C:\Program Files\Microsoft DNX\Dnvm\;C:\Program Files (x86)\Skype\Phone\;C:\Program Files\Git\cmd;C:\Program Files\PuTTY\;C:\Program Files\SourceGear\Common\DiffMerge\;C:\Program Files (x86)\Microsoft Visual Studio 12.0\Common7
USERNAME=ADMIN
OS=Windows_NT
PROCESSOR_IDENTIFIER=Intel64 Family 6 Model 60 Stepping 3, GenuineIntel



---------------  S Y S T E M  ---------------

OS: Windows 7 , 64 bit Build 7601 (6.1.7601.18015)

CPU:total 4 (initial active 4) (2 cores per cpu, 2 threads per core) family 6 model 60 stepping 3, cmov, cx8, fxsr, mmx, sse, sse2, sse3, ssse3, sse4.1, sse4.2, popcnt, avx, avx2, aes, clmul, erms, lzcnt, ht, tsc, tscinvbit, bmi1, bmi2

Memory: 4k page, physical 4063360k(118604k free), swap 16251576k(2928k free)

vm_info: OpenJDK 64-Bit Server VM (25.152-b01) for windows-amd64 JRE (1.8.0_152-release-915-b01), built by "builder" with MS VC++ 10.0 (VS2010)

time: Wed Nov 22 01:18:13 2017
elapsed time: 18 seconds (0d 0h 0m 18s)

